0 verbose cli /usr/local/bin/node /usr/local/bin/npm
1 info using npm@11.3.0
2 info using node@v22.14.0
3 silly config load:file:/usr/local/lib/node_modules/npm/npmrc
4 silly config load:file:/Users/yaseenkhalil/Downloads/Talii_Code/.npmrc
5 silly config load:file:/Users/yaseenkhalil/.npmrc
6 silly config load:file:/usr/local/etc/npmrc
7 verbose title npm test --runInBand
8 verbose argv "--workspace" "apps/web" "test" "--" "--runInBand"
9 verbose logfile logs-max:10 dir:/Users/yaseenkhalil/Downloads/Talii_Code/.npm-cache/_logs/2026-01-28T21_22_27_612Z-
10 verbose logfile /Users/yaseenkhalil/Downloads/Talii_Code/.npm-cache/_logs/2026-01-28T21_22_27_612Z-debug-0.log
11 silly logfile done cleaning log files
12 verbose stack Error: command failed
12 verbose stack     at promiseSpawn (/usr/local/lib/node_modules/npm/node_modules/@npmcli/promise-spawn/lib/index.js:22:22)
12 verbose stack     at spawnWithShell (/usr/local/lib/node_modules/npm/node_modules/@npmcli/promise-spawn/lib/index.js:124:10)
12 verbose stack     at promiseSpawn (/usr/local/lib/node_modules/npm/node_modules/@npmcli/promise-spawn/lib/index.js:12:12)
12 verbose stack     at runScriptPkg (/usr/local/lib/node_modules/npm/node_modules/@npmcli/run-script/lib/run-script-pkg.js:79:13)
12 verbose stack     at runScript (/usr/local/lib/node_modules/npm/node_modules/@npmcli/run-script/lib/run-script.js:9:12)
12 verbose stack     at #run (/usr/local/lib/node_modules/npm/lib/commands/run-script.js:135:13)
12 verbose stack     at RunScript.execWorkspaces (/usr/local/lib/node_modules/npm/lib/commands/run-script.js:67:24)
12 verbose stack     at async Npm.exec (/usr/local/lib/node_modules/npm/lib/npm.js:208:9)
12 verbose stack     at async module.exports (/usr/local/lib/node_modules/npm/lib/cli/entry.js:67:5)
13 verbose pkgid @barber-app/web@0.1.0
14 error Lifecycle script `test` failed with error:
15 error code 1
16 error path /Users/yaseenkhalil/Downloads/Talii_Code/apps/web
17 error workspace @barber-app/web@0.1.0
18 error location /Users/yaseenkhalil/Downloads/Talii_Code/apps/web
19 error command failed
20 error command sh -c jest --runInBand
21 verbose cwd /Users/yaseenkhalil/Downloads/Talii_Code
22 verbose os Darwin 25.2.0
23 verbose node v22.14.0
24 verbose npm  v11.3.0
25 verbose exit 1
26 verbose code 1
